#
# There is insufficient memory for the Java Runtime Environment to continue.
# Native memory allocation (mmap) failed to map 954728448 bytes for committing reserved memory.
# Possible reasons:
#   The system is out of physical RAM or swap space
#   In 32 bit mode, the process size limit was hit
# Possible solutions:
#   Reduce memory load on the system
#   Increase physical memory or swap space
#   Check if swap backing store is full
#   Use 64 bit Java on a 64 bit OS
#   Decrease Java heap size (-Xmx/-Xms)
#   Decrease number of Java threads
#   Decrease Java thread stack sizes (-Xss)
#   Set larger code cache with -XX:ReservedCodeCacheSize=
# This output file may be truncated or incomplete.
#
#  Out of Memory Error (os_linux.cpp:2643), pid=16010, tid=0x00007fadc2d28700
#
# JRE version: OpenJDK Runtime Environment (8.0_151-b12) (build 1.8.0_151-8u151-b12-0ubuntu0.16.04.2-b12)
# Java VM: OpenJDK 64-Bit Server VM (25.151-b12 mixed mode linux-amd64 compressed oops)
# Failed to write core dump. Core dumps have been disabled. To enable core dumping, try "ulimit -c unlimited" before starting Java again
#

---------------  T H R E A D  ---------------

Current thread (0x00007faddc078800):  VMThread [stack: 0x00007fadc2c28000,0x00007fadc2d29000] [id=16022]

Stack: [0x00007fadc2c28000,0x00007fadc2d29000],  sp=0x00007fadc2d27480,  free space=1021k
Native frames: (J=compiled Java code, j=interpreted, Vv=VM code, C=native code)
V  [libjvm.so+0xa684eb]
V  [libjvm.so+0x4c579c]
V  [libjvm.so+0x8b6b50]
V  [libjvm.so+0x8b0fce]
V  [libjvm.so+0x92b806]
V  [libjvm.so+0x91ae9a]
V  [libjvm.so+0x91b0a3]
V  [libjvm.so+0x91ba08]
V  [libjvm.so+0x921cce]
V  [libjvm.so+0x92966d]
V  [libjvm.so+0x8db3c3]
V  [libjvm.so+0xa6a192]
V  [libjvm.so+0xa6f277]
V  [libjvm.so+0xa6ca47]
V  [libjvm.so+0xa6decf]
V  [libjvm.so+0xa6e3c1]
V  [libjvm.so+0x8b4032]

VM_Operation (0x00007fade474fa00): ParallelGCFailedAllocation, mode: safepoint, requested by thread 0x00007faddc00b000


---------------  P R O C E S S  ---------------

Java Threads: ( => current thread )
  0x00007faddc2c9800 JavaThread "ReaderThread" [_thread_in_native, id=16033, stack(0x00007fadc1db0000,0x00007fadc1eb1000)]
  0x00007faddc0c2800 JavaThread "Service Thread" daemon [_thread_blocked, id=16029, stack(0x00007fadc2249000,0x00007fadc234a000)]
  0x00007faddc0b3000 JavaThread "C1 CompilerThread2" daemon [_thread_blocked, id=16028, stack(0x00007fadc234a000,0x00007fadc244b000)]
  0x00007faddc0b1800 JavaThread "C2 CompilerThread1" daemon [_thread_blocked, id=16027, stack(0x00007fadc244b000,0x00007fadc254c000)]
  0x00007faddc0ae800 JavaThread "C2 CompilerThread0" daemon [_thread_blocked, id=16026, stack(0x00007fadc254c000,0x00007fadc264d000)]
  0x00007faddc0ac800 JavaThread "Signal Dispatcher" daemon [_thread_blocked, id=16025, stack(0x00007fadc264d000,0x00007fadc274e000)]
  0x00007faddc084800 JavaThread "Finalizer" daemon [_thread_blocked, id=16024, stack(0x00007fadc2a26000,0x00007fadc2b27000)]
  0x00007faddc080000 JavaThread "Reference Handler" daemon [_thread_blocked, id=16023, stack(0x00007fadc2b27000,0x00007fadc2c28000)]
  0x00007faddc00b000 JavaThread "main" [_thread_blocked, id=16017, stack(0x00007fade4652000,0x00007fade4753000)]

Other Threads:
=>0x00007faddc078800 VMThread [stack: 0x00007fadc2c28000,0x00007fadc2d29000] [id=16022]
  0x00007faddc0c5000 WatcherThread [stack: 0x00007fadc2148000,0x00007fadc2249000] [id=16030]

VM state:at safepoint (normal execution)

VM Mutex/Monitor currently owned by a thread:  ([mutex/lock_event])
[0x00007faddc006da0] ExpandHeap_lock - owner thread: 0x00007faddc078800
[0x00007faddc007420] Threads_lock - owner thread: 0x00007faddc078800
[0x00007faddc007920] Heap_lock - owner thread: 0x00007faddc00b000

Heap:
 PSYoungGen      total 754176K, used 223816K [0x000000076cd80000, 0x00000007bd180000, 0x00000007c0000000)
  eden space 300032K, 0% used [0x000000076cd80000,0x000000076cd80000,0x000000077f280000)
  from space 454144K, 49% used [0x000000077f280000,0x000000078cd123b0,0x000000079ae00000)
  to   space 454144K, 0% used [0x00000007a1600000,0x00000007a1600000,0x00000007bd180000)
 ParOldGen       total 1731072K, used 1731065K [0x00000006c6800000, 0x0000000730280000, 0x000000076cd80000)
  object space 1731072K, 99% used [0x00000006c6800000,0x000000073027e5b8,0x0000000730280000)
 Metaspace       used 8823K, capacity 9564K, committed 9728K, reserved 1058816K
  class space    used 1052K, capacity 1218K, committed 1280K, reserved 1048576K

Card table byte_map: [0x00007fade0545000,0x00007fade0d12000] byte_map_base: 0x00007faddcf11000

Marking Bits: (ParMarkBitMap*) 0x00007fade39252c0
 Begin Bits: [0x00007fadc4f3c000, 0x00007fadc8d9c000)
 End Bits:   [0x00007fadc8d9c000, 0x00007fadccbfc000)

Polling page: 0x00007fade4778000

CodeCache: size=245760Kb used=4067Kb max_used=4067Kb free=241692Kb
 bounds [0x00007fadcd000000, 0x00007fadcd400000, 0x00007faddc000000]
 total_blobs=1478 nmethods=1164 adapters=228
 compilation: enabled

Compilation events (10 events):
Event: 4.440 Thread 0x00007faddc0b3000 1161       3       java.lang.ref.Reference::clear (6 bytes)
Event: 4.440 Thread 0x00007faddc0b3000 nmethod 1161 0x00007fadcd3f5990 code [0x00007fadcd3f5ae0, 0x00007fadcd3f5c50]
Event: 4.440 Thread 0x00007faddc0b3000 1160   !   3       java.util.zip.ZipFile$ZipFileInflaterInputStream::close (67 bytes)
Event: 4.441 Thread 0x00007faddc0b3000 nmethod 1160 0x00007fadcd3f88d0 code [0x00007fadcd3f8aa0, 0x00007fadcd3f92d8]
Event: 4.441 Thread 0x00007faddc0b3000 1162       3       java.lang.ref.Finalizer::access$000 (4 bytes)
Event: 4.441 Thread 0x00007faddc0b3000 nmethod 1162 0x00007fadcd3f1810 code [0x00007fadcd3f1960, 0x00007fadcd3f1ab0]
Event: 4.441 Thread 0x00007faddc0b3000 1163       3       java.lang.ref.ReferenceQueue::remove (6 bytes)
Event: 4.441 Thread 0x00007faddc0b3000 nmethod 1163 0x00007fadcd3f5590 code [0x00007fadcd3f5700, 0x00007fadcd3f5908]
Event: 4.441 Thread 0x00007faddc0b3000 1164   !   3       java.lang.ref.ReferenceQueue::remove (125 bytes)
Event: 4.442 Thread 0x00007faddc0b3000 nmethod 1164 0x00007fadcd3f9690 code [0x00007fadcd3f9880, 0x00007fadcd3fa138]

GC Heap History (10 events):
Event: 83.792 GC heap after
Heap after GC invocations=11 (full 3):
 PSYoungGen      total 638464K, used 407040K [0x000000076cd80000, 0x00000007b6b00000, 0x00000007c0000000)
  eden space 231424K, 0% used [0x000000076cd80000,0x000000076cd80000,0x000000077af80000)
  from space 407040K, 100% used [0x0000000796b00000,0x00000007af880000,0x00000007af880000)
  to   space 454144K, 0% used [0x000000077af80000,0x000000077af80000,0x0000000796b00000)
 ParOldGen       total 1058304K, used 786330K [0x00000006c6800000, 0x0000000707180000, 0x000000076cd80000)
  object space 1058304K, 74% used [0x00000006c6800000,0x00000006f67e6930,0x0000000707180000)
 Metaspace       used 8823K, capacity 9564K, committed 9728K, reserved 1058816K
  class space    used 1052K, capacity 1218K, committed 1280K, reserved 1048576K
}
Event: 84.330 GC heap before
{Heap before GC invocations=12 (full 3):
 PSYoungGen      total 638464K, used 638464K [0x000000076cd80000, 0x00000007b6b00000, 0x00000007c0000000)
  eden space 231424K, 100% used [0x000000076cd80000,0x000000077af80000,0x000000077af80000)
  from space 407040K, 100% used [0x0000000796b00000,0x00000007af880000,0x00000007af880000)
  to   space 454144K, 0% used [0x000000077af80000,0x000000077af80000,0x0000000796b00000)
 ParOldGen       total 1058304K, used 786330K [0x00000006c6800000, 0x0000000707180000, 0x000000076cd80000)
  object space 1058304K, 74% used [0x00000006c6800000,0x00000006f67e6930,0x0000000707180000)
 Metaspace       used 8823K, capacity 9564K, committed 9728K, reserved 1058816K
  class space    used 1052K, capacity 1218K, committed 1280K, reserved 1048576K
Event: 87.467 GC heap after
Heap after GC invocations=12 (full 3):
 PSYoungGen      total 685568K, used 449824K [0x000000076cd80000, 0x00000007b7c00000, 0x00000007c0000000)
  eden space 231424K, 0% used [0x000000076cd80000,0x000000076cd80000,0x000000077af80000)
  from space 454144K, 99% used [0x000000077af80000,0x00000007966c8000,0x0000000796b00000)
  to   space 454144K, 0% used [0x000000079c080000,0x000000079c080000,0x00000007b7c00000)
 ParOldGen       total 1058304K, used 975794K [0x00000006c6800000, 0x0000000707180000, 0x000000076cd80000)
  object space 1058304K, 92% used [0x00000006c6800000,0x00000007020ec930,0x0000000707180000)
 Metaspace       used 8823K, capacity 9564K, committed 9728K, reserved 1058816K
  class space    used 1052K, capacity 1218K, committed 1280K, reserved 1048576K
}
Event: 87.467 GC heap before
{Heap before GC invocations=13 (full 4):
 PSYoungGen      total 685568K, used 449824K [0x000000076cd80000, 0x00000007b7c00000, 0x00000007c0000000)
  eden space 231424K, 0% used [0x000000076cd80000,0x000000076cd80000,0x000000077af80000)
  from space 454144K, 99% used [0x000000077af80000,0x00000007966c8000,0x0000000796b00000)
  to   space 454144K, 0% used [0x000000079c080000,0x000000079c080000,0x00000007b7c00000)
 ParOldGen       total 1058304K, used 975794K [0x00000006c6800000, 0x0000000707180000, 0x000000076cd80000)
  object space 1058304K, 92% used [0x00000006c6800000,0x00000007020ec930,0x0000000707180000)
 Metaspace       used 8823K, capacity 9564K, committed 9728K, reserved 1058816K
  class space    used 1052K, capacity 1218K, committed 1280K, reserved 1048576K
Event: 134.320 GC heap after
Heap after GC invocations=13 (full 4):
 PSYoungGen      total 685568K, used 365467K [0x000000076cd80000, 0x00000007b7c00000, 0x00000007c0000000)
  eden space 231424K, 0% used [0x000000076cd80000,0x000000076cd80000,0x000000077af80000)
  from space 454144K, 80% used [0x000000077af80000,0x0000000791466f20,0x0000000796b00000)
  to   space 454144K, 0% used [0x000000079c080000,0x000000079c080000,0x00000007b7c00000)
 ParOldGen       total 1731072K, used 1057960K [0x00000006c6800000, 0x0000000730280000, 0x000000076cd80000)
  object space 1731072K, 61% used [0x00000006c6800000,0x000000070712a3d8,0x0000000730280000)
 Metaspace       used 8823K, capacity 9564K, committed 9728K, reserved 1058816K
  class space    used 1052K, capacity 1218K, committed 1280K, reserved 1048576K
}
Event: 134.799 GC heap before
{Heap before GC invocations=14 (full 4):
 PSYoungGen      total 685568K, used 596891K [0x000000076cd80000, 0x00000007b7c00000, 0x00000007c0000000)
  eden space 231424K, 100% used [0x000000076cd80000,0x000000077af80000,0x000000077af80000)
  from space 454144K, 80% used [0x000000077af80000,0x0000000791466f20,0x0000000796b00000)
  to   space 454144K, 0% used [0x000000079c080000,0x000000079c080000,0x00000007b7c00000)
 ParOldGen       total 1731072K, used 1057960K [0x00000006c6800000, 0x0000000730280000, 0x000000076cd80000)
  object space 1731072K, 61% used [0x00000006c6800000,0x000000070712a3d8,0x0000000730280000)
 Metaspace       used 8823K, capacity 9564K, committed 9728K, reserved 1058816K
  class space    used 1052K, capacity 1218K, committed 1280K, reserved 1048576K
Event: 138.931 GC heap after
Heap after GC invocations=14 (full 4):
 PSYoungGen      total 735232K, used 418176K [0x000000076cd80000, 0x00000007b6980000, 0x00000007c0000000)
  eden space 300032K, 0% used [0x000000076cd80000,0x000000076cd80000,0x000000077f280000)
  from space 435200K, 96% used [0x000000079c080000,0x00000007b58e0000,0x00000007b6980000)
  to   space 454144K, 0% used [0x000000077f280000,0x000000077f280000,0x000000079ae00000)
 ParOldGen       total 1731072K, used 1237856K [0x00000006c6800000, 0x0000000730280000, 0x000000076cd80000)
  object space 1731072K, 71% used [0x00000006c6800000,0x00000007120d83d8,0x0000000730280000)
 Metaspace       used 8823K, capacity 9564K, committed 9728K, reserved 1058816K
  class space    used 1052K, capacity 1218K, committed 1280K, reserved 1048576K
}
Event: 139.529 GC heap before
{Heap before GC invocations=15 (full 4):
 PSYoungGen      total 735232K, used 718208K [0x000000076cd80000, 0x00000007b6980000, 0x00000007c0000000)
  eden space 300032K, 100% used [0x000000076cd80000,0x000000077f280000,0x000000077f280000)
  from space 435200K, 96% used [0x000000079c080000,0x00000007b58e0000,0x00000007b6980000)
  to   space 454144K, 0% used [0x000000077f280000,0x000000077f280000,0x000000079ae00000)
 ParOldGen       total 1731072K, used 1237856K [0x00000006c6800000, 0x0000000730280000, 0x000000076cd80000)
  object space 1731072K, 71% used [0x00000006c6800000,0x00000007120d83d8,0x0000000730280000)
 Metaspace       used 8823K, capacity 9564K, committed 9728K, reserved 1058816K
  class space    used 1052K, capacity 1218K, committed 1280K, reserved 1048576K
Event: 144.342 GC heap after
Heap after GC invocations=15 (full 4):
 PSYoungGen      total 754176K, used 300384K [0x000000076cd80000, 0x00000007bd180000, 0x00000007c0000000)
  eden space 300032K, 0% used [0x000000076cd80000,0x000000076cd80000,0x000000077f280000)
  from space 454144K, 66% used [0x000000077f280000,0x00000007917d8000,0x000000079ae00000)
  to   space 454144K, 0% used [0x00000007a1600000,0x00000007a1600000,0x00000007bd180000)
 ParOldGen       total 1731072K, used 1657216K [0x00000006c6800000, 0x0000000730280000, 0x000000076cd80000)
  object space 1731072K, 95% used [0x00000006c6800000,0x000000072ba603d8,0x0000000730280000)
 Metaspace       used 8823K, capacity 9564K, committed 9728K, reserved 1058816K
  class space    used 1052K, capacity 1218K, committed 1280K, reserved 1048576K
}
Event: 144.342 GC heap before
{Heap before GC invocations=16 (full 5):
 PSYoungGen      total 754176K, used 300384K [0x000000076cd80000, 0x00000007bd180000, 0x00000007c0000000)
  eden space 300032K, 0% used [0x000000076cd80000,0x000000076cd80000,0x000000077f280000)
  from space 454144K, 66% used [0x000000077f280000,0x00000007917d8000,0x000000079ae00000)
  to   space 454144K, 0% used [0x00000007a1600000,0x00000007a1600000,0x00000007bd180000)
 ParOldGen       total 1731072K, used 1657216K [0x00000006c6800000, 0x0000000730280000, 0x000000076cd80000)
  object space 1731072K, 95% used [0x00000006c6800000,0x000000072ba603d8,0x0000000730280000)
 Metaspace       used 8823K, capacity 9564K, committed 9728K, reserved 1058816K
  class space    used 1052K, capacity 1218K, committed 1280K, reserved 1048576K

Deoptimization events (7 events):
Event: 0.446 Thread 0x00007faddc00b000 Uncommon trap: reason=unstable_if action=reinterpret pc=0x00007fadcd132784 method=java.lang.String.hashCode()I @ 14
Event: 2.479 Thread 0x00007faddc00b000 Uncommon trap: reason=unstable_if action=reinterpret pc=0x00007fadcd2b6120 method=java.util.HashMap.getNode(ILjava/lang/Object;)Ljava/util/HashMap$Node; @ 129
Event: 2.496 Thread 0x00007faddc00b000 Uncommon trap: reason=class_check action=maybe_recompile pc=0x00007fadcd2c9914 method=java.util.HashMap.putVal(ILjava/lang/Object;Ljava/lang/Object;ZZ)Ljava/lang/Object; @ 253
Event: 2.524 Thread 0x00007faddc00b000 Uncommon trap: reason=class_check action=maybe_recompile pc=0x00007fadcd2c9914 method=java.util.HashMap.putVal(ILjava/lang/Object;Ljava/lang/Object;ZZ)Ljava/lang/Object; @ 253
Event: 2.917 Thread 0x00007faddc00b000 Uncommon trap: reason=unstable_if action=reinterpret pc=0x00007fadcd30e9d4 method=jdk.internal.org.objectweb.asm.Type.getArgumentsAndReturnSizes(Ljava/lang/String;)I @ 47
Event: 3.359 Thread 0x00007faddc00b000 Uncommon trap: reason=class_check action=maybe_recompile pc=0x00007fadcd2c9914 method=java.util.HashMap.putVal(ILjava/lang/Object;Ljava/lang/Object;ZZ)Ljava/lang/Object; @ 253
Event: 3.359 Thread 0x00007faddc00b000 Uncommon trap: reason=class_check action=maybe_recompile pc=0x00007fadcd2c9914 method=java.util.HashMap.putVal(ILjava/lang/Object;Ljava/lang/Object;ZZ)Ljava/lang/Object; @ 253

Internal exceptions (10 events):
Event: 2.355 Thread 0x00007faddc00b000 Exception <a 'java/lang/NoSuchMethodError': java.lang.Object.lambda$andThen$1(Ljava/util/function/Function;Ljava/lang/Object;)Ljava/lang/Object;> (0x000000076de2f130) thrown at [/build/openjdk-8-W2Qe27/openjdk-8-8u151-b12/src/hotspot/src/share/vm/interpre
Event: 2.543 Thread 0x00007faddc00b000 Exception <a 'java/lang/IncompatibleClassChangeError': Found class java.lang.Object, but interface was expected> (0x000000076df8dbe0) thrown at [/build/openjdk-8-W2Qe27/openjdk-8-8u151-b12/src/hotspot/src/share/vm/interpreter/linkResolver.cpp, line 651]
Event: 2.549 Thread 0x00007faddc00b000 Exception <a 'java/lang/NoSuchMethodError': java.lang.Object.lambda$accept$0(Lorg/junit/platform/engine/TestDescriptor$Visitor;Lorg/junit/platform/engine/TestDescriptor;)V> (0x000000076df96620) thrown at [/build/openjdk-8-W2Qe27/openjdk-8-8u151-b12/src/ho
Event: 2.552 Thread 0x00007faddc00b000 Exception <a 'java/lang/NoSuchMethodError': java.lang.Object.containsTests(Lorg/junit/platform/engine/TestDescriptor;)Z> (0x000000076dfa15d0) thrown at [/build/openjdk-8-W2Qe27/openjdk-8-8u151-b12/src/hotspot/src/share/vm/interpreter/linkResolver.cpp, lin
Event: 2.654 Thread 0x00007faddc00b000 Exception <a 'java/lang/NoSuchMethodError': java.lang.Object.lambda$adaptFilter$0(Lorg/junit/platform/engine/Filter;Ljava/util/function/Function;Ljava/lang/Object;)Lorg/junit/platform/engine/FilterResult;> (0x000000076e0ab2f0) thrown at [/build/openjdk-8-
Event: 2.656 Thread 0x00007faddc00b000 Exception <a 'java/lang/NoSuchMethodError': java.lang.Object.lambda$toPredicate$1(Ljava/lang/Object;)Z> (0x000000076e0bc680) thrown at [/build/openjdk-8-W2Qe27/openjdk-8-8u151-b12/src/hotspot/src/share/vm/interpreter/linkResolver.cpp, line 618]
Event: 2.656 Thread 0x00007faddc00b000 Exception <a 'java/lang/NoSuchMethodError': java.lang.Object.lambda$and$0(Ljava/util/function/Predicate;Ljava/lang/Object;)Z> (0x000000076e0bf0e0) thrown at [/build/openjdk-8-W2Qe27/openjdk-8-8u151-b12/src/hotspot/src/share/vm/interpreter/linkResolver.cpp
Event: 3.383 Thread 0x00007faddc00b000 Exception <a 'java/lang/NoSuchMethodError': java.lang.Object.lambda$comparingInt$7b0bb60$1(Ljava/util/function/ToIntFunction;Ljava/lang/Object;Ljava/lang/Object;)I> (0x000000076e590c80) thrown at [/build/openjdk-8-W2Qe27/openjdk-8-8u151-b12/src/hotspot/sr
Event: 3.387 Thread 0x00007faddc00b000 Exception <a 'java/lang/NoSuchMethodError': java.lang.Object.lambda$comparing$77a9974f$1(Ljava/util/function/Function;Ljava/lang/Object;Ljava/lang/Object;)I> (0x000000076e59fe40) thrown at [/build/openjdk-8-W2Qe27/openjdk-8-8u151-b12/src/hotspot/src/share
Event: 3.388 Thread 0x00007faddc00b000 Exception <a 'java/lang/NoSuchMethodError': java.lang.Object.lambda$thenComparing$36697e65$1(Ljava/util/Comparator;Ljava/lang/Object;Ljava/lang/Object;)I> (0x000000076e5a81d0) thrown at [/build/openjdk-8-W2Qe27/openjdk-8-8u151-b12/src/hotspot/src/share/vm

Events (10 events):
Event: 76.136 Executing VM operation: ParallelGCFailedAllocation done
Event: 76.622 Executing VM operation: ParallelGCFailedAllocation
Event: 79.918 Executing VM operation: ParallelGCFailedAllocation done
Event: 80.288 Executing VM operation: ParallelGCFailedAllocation
Event: 83.792 Executing VM operation: ParallelGCFailedAllocation done
Event: 84.330 Executing VM operation: ParallelGCFailedAllocation
Event: 134.320 Executing VM operation: ParallelGCFailedAllocation done
Event: 134.799 Executing VM operation: ParallelGCFailedAllocation
Event: 138.931 Executing VM operation: ParallelGCFailedAllocation done
Event: 139.529 Executing VM operation: ParallelGCFailedAllocation


Dynamic libraries:
00400000-00401000 r-xp 00000000 08:06 1444271                            /usr/lib/jvm/java-8-openjdk-amd64/jre/bin/java
00600000-00601000 r--p 00000000 08:06 1444271                            /usr/lib/jvm/java-8-openjdk-amd64/jre/bin/java
00601000-00602000 rw-p 00001000 08:06 1444271                            /usr/lib/jvm/java-8-openjdk-amd64/jre/bin/java
016b6000-016d7000 rw-p 00000000 00:00 0                                  [heap]
6c6800000-730280000 rw-p 00000000 00:00 0 
769100000-76cd80000 ---p 00000000 00:00 0 
76cd80000-7bd180000 rw-p 00000000 00:00 0 
7bd180000-7c0000000 ---p 00000000 00:00 0 
7c0000000-7c0140000 rw-p 00000000 00:00 0 
7c0140000-800000000 ---p 00000000 00:00 0 
7fad84000000-7fad84021000 rw-p 00000000 00:00 0 
7fad84021000-7fad88000000 ---p 00000000 00:00 0 
7fad88fff000-7fad8c000000 rw-p 00000000 00:00 0 
7fad8c000000-7fad8c021000 rw-p 00000000 00:00 0 
7fad8c021000-7fad90000000 ---p 00000000 00:00 0 
7fad90000000-7fad90021000 rw-p 00000000 00:00 0 
7fad90021000-7fad94000000 ---p 00000000 00:00 0 
7fad94000000-7fad942e2000 rw-p 00000000 00:00 0 
7fad942e2000-7fad98000000 ---p 00000000 00:00 0 
7fad98000000-7fad9863d000 rw-p 00000000 00:00 0 
7fad9863d000-7fad9c000000 ---p 00000000 00:00 0 
7fad9c000000-7fad9c021000 rw-p 00000000 00:00 0 
7fad9c021000-7fada0000000 ---p 00000000 00:00 0 
7fada0000000-7fada0363000 rw-p 00000000 00:00 0 
7fada0363000-7fada4000000 ---p 00000000 00:00 0 
7fada4000000-7fada4021000 rw-p 00000000 00:00 0 
7fada4021000-7fada8000000 ---p 00000000 00:00 0 
7fada8000000-7fada8021000 rw-p 00000000 00:00 0 
7fada8021000-7fadac000000 ---p 00000000 00:00 0 
7fadac000000-7fadac021000 rw-p 00000000 00:00 0 
7fadac021000-7fadb0000000 ---p 00000000 00:00 0 
7fadb0000000-7fadb0021000 rw-p 00000000 00:00 0 
7fadb0021000-7fadb4000000 ---p 00000000 00:00 0 
7fadb4000000-7fadb4021000 rw-p 00000000 00:00 0 
7fadb4021000-7fadb8000000 ---p 00000000 00:00 0 
7fadb8000000-7fadb8021000 rw-p 00000000 00:00 0 
7fadb8021000-7fadbc000000 ---p 00000000 00:00 0 
7fadbc000000-7fadbc021000 rw-p 00000000 00:00 0 
7fadbc021000-7fadc0000000 ---p 00000000 00:00 0 
7fadc1bb0000-7fadc1bf0000 rw-p 00000000 00:00 0 
7fadc1bf0000-7fadc1db0000 ---p 00000000 00:00 0 
7fadc1db0000-7fadc1db3000 ---p 00000000 00:00 0 
7fadc1db3000-7fadc1eb1000 rw-p 00000000 00:00 0 
7fadc1eb1000-7fadc1ec8000 r-xp 00000000 08:06 1444237                    /usr/lib/jvm/java-8-openjdk-amd64/jre/lib/amd64/libnet.so
7fadc1ec8000-7fadc20c7000 ---p 00017000 08:06 1444237                    /usr/lib/jvm/java-8-openjdk-amd64/jre/lib/amd64/libnet.so
7fadc20c7000-7fadc20c8000 r--p 00016000 08:06 1444237                    /usr/lib/jvm/java-8-openjdk-amd64/jre/lib/amd64/libnet.so
7fadc20c8000-7fadc20c9000 rw-p 00017000 08:06 1444237                    /usr/lib/jvm/java-8-openjdk-amd64/jre/lib/amd64/libnet.so
7fadc20c9000-7fadc20cc000 r--s 00015000 08:06 1444199                    /usr/lib/jvm/java-8-openjdk-amd64/jre/lib/jce.jar
7fadc20cc000-7fadc20d1000 r--s 0009a000 08:06 1444257                    /usr/lib/jvm/java-8-openjdk-amd64/jre/lib/jsse.jar
7fadc20d1000-7fadc20d3000 r--s 00003000 08:08 529315                     /home/anna/workspace/INE5421/btc-ascii-table-1.0.jar
7fadc20d3000-7fadc20d5000 r--s 0000c000 08:08 7869                       /home/anna/.p2/pool/plugins/org.hamcrest.core_1.3.0.v201303031735.jar
7fadc20d5000-7fadc20dd000 r--s 00045000 08:08 9664                       /home/anna/.p2/pool/plugins/org.junit_4.12.0.v201504281640/junit.jar
7fadc20dd000-7fadc20df000 r--s 00004000 08:08 6912                       /home/anna/.p2/pool/plugins/org.opentest4j_1.0.0.v20170910-2246.jar
7fadc20df000-7fadc20e2000 r--s 00010000 08:08 6911                       /home/anna/.p2/pool/plugins/org.junit.vintage.engine_4.12.0.v20170910-2246.jar
7fadc20e2000-7fadc20e4000 r--s 00006000 08:08 6910                       /home/anna/.p2/pool/plugins/org.junit.platform.suite.api_1.0.0.v20170910-2246.jar
7fadc20e4000-7fadc20e6000 r--s 00007000 08:08 6909                       /home/anna/.p2/pool/plugins/org.junit.platform.runner_1.0.0.v20170910-2246.jar
7fadc20e6000-7fadc20e8000 r--s 00010000 08:08 6908                       /home/anna/.p2/pool/plugins/org.junit.platform.launcher_1.0.0.v20170910-2246.jar
7fadc20e8000-7fadc20eb000 r--s 00018000 08:08 6907                       /home/anna/.p2/pool/plugins/org.junit.platform.engine_1.0.0.v20170910-2246.jar
7fadc20eb000-7fadc20ed000 r--s 00012000 08:08 6906                       /home/anna/.p2/pool/plugins/org.junit.platform.commons_1.0.0.v20170910-2246.jar
7fadc20ed000-7fadc20f9000 r--s 0006d000 08:08 6905                       /home/anna/.p2/pool/plugins/org.junit.jupiter.params_5.0.0.v20170910-2246.jar
7fadc20f9000-7fadc20fb000 r--s 00009000 08:08 6904                       /home/anna/.p2/pool/plugins/org.junit.jupiter.migrationsupport_5.0.0.v20170910-2246.jar
7fadc20fb000-7fadc20ff000 r--s 0001f000 08:08 6903                       /home/anna/.p2/pool/plugins/org.junit.jupiter.engine_5.0.0.v20170910-2246.jar
7fadc20ff000-7fadc2112000 r--s 00346000 08:06 1444256                    /usr/lib/jvm/java-8-openjdk-amd64/jre/lib/resources.jar
7fadc2112000-7fadc212d000 r--s 00394000 08:06 1444201                    /usr/lib/jvm/java-8-openjdk-amd64/jre/lib/ext/cldrdata.jar
7fadc212d000-7fadc2148000 r--s 001d6000 08:06 1444203                    /usr/lib/jvm/java-8-openjdk-amd64/jre/lib/ext/nashorn.jar
7fadc2148000-7fadc2149000 ---p 00000000 00:00 0 
7fadc2149000-7fadc2249000 rw-p 00000000 00:00 0 
7fadc2249000-7fadc224c000 ---p 00000000 00:00 0 
7fadc224c000-7fadc234a000 rw-p 00000000 00:00 0 
7fadc234a000-7fadc234d000 ---p 00000000 00:00 0 
7fadc234d000-7fadc244b000 rw-p 00000000 00:00 0 
7fadc244b000-7fadc244e000 ---p 00000000 00:00 0 
7fadc244e000-7fadc254c000 rw-p 00000000 00:00 0 
7fadc254c000-7fadc254f000 ---p 00000000 00:00 0 
7fadc254f000-7fadc264d000 rw-p 00000000 00:00 0 
7fadc264d000-7fadc2650000 ---p 00000000 00:00 0 
7fadc2650000-7fadc274e000 rw-p 00000000 00:00 0 
7fadc274e000-7fadc2a26000 r--p 00000000 08:06 1499490                    /usr/lib/locale/locale-archive
7fadc2a26000-7fadc2a29000 ---p 00000000 00:00 0 
7fadc2a29000-7fadc2b27000 rw-p 00000000 00:00 0 
7fadc2b27000-7fadc2b2a000 ---p 00000000 00:00 0 
7fadc2b2a000-7fadc2c28000 rw-p 00000000 00:00 0 
7fadc2c28000-7fadc2c29000 ---p 00000000 00:00 0 
7fadc2c29000-7fadc3d2b000 rw-p 00000000 00:00 0 
7fadc3d2b000-7fadc3efa000 r--s 03c21000 08:06 1444197                    /usr/lib/jvm/java-8-openjdk-amd64/jre/lib/rt.jar
7fadc3efa000-7fadccbfc000 rw-p 00000000 00:00 0 
7fadccbfc000-7fadccbfd000 ---p 00000000 00:00 0 
7fadccbfd000-7fadcccfd000 rw-p 00000000 00:00 0 
7fadcccfd000-7fadcccfe000 ---p 00000000 00:00 0 
7fadcccfe000-7fadccdfe000 rw-p 00000000 00:00 0 
7fadccdfe000-7fadccdff000 ---p 00000000 00:00 0 
7fadccdff000-7fadcceff000 rw-p 00000000 00:00 0 
7fadcceff000-7fadccf00000 ---p 00000000 00:00 0 
7fadccf00000-7fadcd000000 rw-p 00000000 00:00 0 
7fadcd000000-7fadcd400000 rwxp 00000000 00:00 0 
7fadcd400000-7faddc000000 ---p 00000000 00:00 0 
7faddc000000-7faddc3b0000 rw-p 00000000 00:00 0 
7faddc3b0000-7fade0000000 ---p 00000000 00:00 0 
7fade0000000-7fade0001000 r--s 00003000 08:08 6875                       /home/anna/.p2/pool/plugins/org.apiguardian_1.0.0.v20170910-2246.jar
7fade0001000-7fade0003000 r--s 00016000 08:08 6902                       /home/anna/.p2/pool/plugins/org.junit.jupiter.api_5.0.0.v20170910-2246.jar
7fade0003000-7fade0004000 r--s 00014000 08:08 529397                     /home/anna/workspace/INE5421/miglayout15-swing.jar
7fade0004000-7fade0009000 r--s 002f9000 08:06 1444255                    /usr/lib/jvm/java-8-openjdk-amd64/jre/lib/charsets.jar
7fade0009000-7fade000c000 r--s 00015000 08:06 1444199                    /usr/lib/jvm/java-8-openjdk-amd64/jre/lib/jce.jar
7fade000c000-7fade0012000 r--s 0003a000 08:06 1444204                    /usr/lib/jvm/java-8-openjdk-amd64/jre/lib/ext/sunjce_provider.jar
7fade0012000-7fade0360000 rw-p 00000000 00:00 0 
7fade0360000-7fade0545000 ---p 00000000 00:00 0 
7fade0545000-7fade0893000 rw-p 00000000 00:00 0 
7fade0893000-7fade0a77000 ---p 00000000 00:00 0 
7fade0a77000-7fade0cfa000 rw-p 00000000 00:00 0 
7fade0cfa000-7fade0d11000 ---p 00000000 00:00 0 
7fade0d11000-7fade0d22000 rw-p 00000000 00:00 0 
7fade0d22000-7fade10d2000 ---p 00000000 00:00 0 
7fade10d2000-7fade10da000 r-xp 00000000 08:06 1444243                    /usr/lib/jvm/java-8-openjdk-amd64/jre/lib/amd64/libzip.so
7fade10da000-7fade12d9000 ---p 00008000 08:06 1444243                    /usr/lib/jvm/java-8-openjdk-amd64/jre/lib/amd64/libzip.so
7fade12d9000-7fade12da000 r--p 00007000 08:06 1444243                    /usr/lib/jvm/java-8-openjdk-amd64/jre/lib/amd64/libzip.so
7fade12da000-7fade12db000 rw-p 00008000 08:06 1444243                    /usr/lib/jvm/java-8-openjdk-amd64/jre/lib/amd64/libzip.so
7fade12db000-7fade12e6000 r-xp 00000000 08:06 133714                     /lib/x86_64-linux-gnu/libnss_files-2.23.so
7fade12e6000-7fade14e5000 ---p 0000b000 08:06 133714                     /lib/x86_64-linux-gnu/libnss_files-2.23.so
7fade14e5000-7fade14e6000 r--p 0000a000 08:06 133714                     /lib/x86_64-linux-gnu/libnss_files-2.23.so
7fade14e6000-7fade14e7000 rw-p 0000b000 08:06 133714                     /lib/x86_64-linux-gnu/libnss_files-2.23.so
7fade14e7000-7fade14ed000 rw-p 00000000 00:00 0 
7fade14ed000-7fade14f8000 r-xp 00000000 08:06 133720                     /lib/x86_64-linux-gnu/libnss_nis-2.23.so
7fade14f8000-7fade16f7000 ---p 0000b000 08:06 133720                     /lib/x86_64-linux-gnu/libnss_nis-2.23.so
7fade16f7000-7fade16f8000 r--p 0000a000 08:06 133720                     /lib/x86_64-linux-gnu/libnss_nis-2.23.so
7fade16f8000-7fade16f9000 rw-p 0000b000 08:06 133720                     /lib/x86_64-linux-gnu/libnss_nis-2.23.so
7fade16f9000-7fade170f000 r-xp 00000000 08:06 131628                     /lib/x86_64-linux-gnu/libnsl-2.23.so
7fade170f000-7fade190e000 ---p 00016000 08:06 131628                     /lib/x86_64-linux-gnu/libnsl-2.23.so
7fade190e000-7fade190f000 r--p 00015000 08:06 131628                     /lib/x86_64-linux-gnu/libnsl-2.23.so
7fade190f000-7fade1910000 rw-p 00016000 08:06 131628                     /lib/x86_64-linux-gnu/libnsl-2.23.so
7fade1910000-7fade1912000 rw-p 00000000 00:00 0 
7fade1912000-7fade191a000 r-xp 00000000 08:06 133732                     /lib/x86_64-linux-gnu/libnss_compat-2.23.so
7fade191a000-7fade1b19000 ---p 00008000 08:06 133732                     /lib/x86_64-linux-gnu/libnss_compat-2.23.so
7fade1b19000-7fade1b1a000 r--p 00007000 08:06 133732                     /lib/x86_64-linux-gnu/libnss_compat-2.23.so
7fade1b1a000-7fade1b1b000 rw-p 00008000 08:06 133732                     /lib/x86_64-linux-gnu/libnss_compat-2.23.so
7fade1b1b000-7fade1b48000 r-xp 00000000 08:06 1444226                    /usr/lib/jvm/java-8-openjdk-amd64/jre/lib/amd64/libjava.so
7fade1b48000-7fade1d47000 ---p 0002d000 08:06 1444226                    /usr/lib/jvm/java-8-openjdk-amd64/jre/lib/amd64/libjava.so
7fade1d47000-7fade1d48000 r--p 0002c000 08:06 1444226                    /usr/lib/jvm/java-8-openjdk-amd64/jre/lib/amd64/libjava.so
7fade1d48000-7fade1d4a000 rw-p 0002d000 08:06 1444226                    /usr/lib/jvm/java-8-openjdk-amd64/jre/lib/amd64/libjava.so
7fade1d4a000-7fade1d59000 r-xp 00000000 08:06 1444241                    /usr/lib/jvm/java-8-openjdk-amd64/jre/lib/amd64/libverify.so
7fade1d59000-7fade1f58000 ---p 0000f000 08:06 1444241                    /usr/lib/jvm/java-8-openjdk-amd64/jre/lib/amd64/libverify.so
7fade1f58000-7fade1f5a000 r--p 0000e000 08:06 1444241                    /usr/lib/jvm/java-8-openjdk-amd64/jre/lib/amd64/libverify.so
7fade1f5a000-7fade1f5b000 rw-p 00010000 08:06 1444241                    /usr/lib/jvm/java-8-openjdk-amd64/jre/lib/amd64/libverify.so
7fade1f5b000-7fade1f62000 r-xp 00000000 08:06 133724                     /lib/x86_64-linux-gnu/librt-2.23.so
7fade1f62000-7fade2161000 ---p 00007000 08:06 133724                     /lib/x86_64-linux-gnu/librt-2.23.so
7fade2161000-7fade2162000 r--p 00006000 08:06 133724                     /lib/x86_64-linux-gnu/librt-2.23.so
7fade2162000-7fade2163000 rw-p 00007000 08:06 133724                     /lib/x86_64-linux-gnu/librt-2.23.so
7fade2163000-7fade2179000 r-xp 00000000 08:06 135990                     /lib/x86_64-linux-gnu/libgcc_s.so.1
7fade2179000-7fade2378000 ---p 00016000 08:06 135990                     /lib/x86_64-linux-gnu/libgcc_s.so.1
7fade2378000-7fade2379000 rw-p 00015000 08:06 135990                     /lib/x86_64-linux-gnu/libgcc_s.so.1
7fade2379000-7fade2481000 r-xp 00000000 08:06 133742                     /lib/x86_64-linux-gnu/libm-2.23.so
7fade2481000-7fade2680000 ---p 00108000 08:06 133742                     /lib/x86_64-linux-gnu/libm-2.23.so
7fade2680000-7fade2681000 r--p 00107000 08:06 133742                     /lib/x86_64-linux-gnu/libm-2.23.so
7fade2681000-7fade2682000 rw-p 00108000 08:06 133742                     /lib/x86_64-linux-gnu/libm-2.23.so
7fade2682000-7fade27f4000 r-xp 00000000 08:06 1440781                    /usr/lib/x86_64-linux-gnu/libstdc++.so.6.0.21
7fade27f4000-7fade29f4000 ---p 00172000 08:06 1440781                    /usr/lib/x86_64-linux-gnu/libstdc++.so.6.0.21
7fade29f4000-7fade29fe000 r--p 00172000 08:06 1440781                    /usr/lib/x86_64-linux-gnu/libstdc++.so.6.0.21
7fade29fe000-7fade2a00000 rw-p 0017c000 08:06 1440781                    /usr/lib/x86_64-linux-gnu/libstdc++.so.6.0.21
7fade2a00000-7fade2a04000 rw-p 00000000 00:00 0 
7fade2a04000-7fade3656000 r-xp 00000000 08:06 1444236                    /usr/lib/jvm/java-8-openjdk-amd64/jre/lib/amd64/server/libjvm.so
7fade3656000-7fade3856000 ---p 00c52000 08:06 1444236                    /usr/lib/jvm/java-8-openjdk-amd64/jre/lib/amd64/server/libjvm.so
7fade3856000-7fade38e9000 r--p 00c52000 08:06 1444236                    /usr/lib/jvm/java-8-openjdk-amd64/jre/lib/amd64/server/libjvm.so
7fade38e9000-7fade3912000 rw-p 00ce5000 08:06 1444236                    /usr/lib/jvm/java-8-openjdk-amd64/jre/lib/amd64/server/libjvm.so
7fade3912000-7fade3942000 rw-p 00000000 00:00 0 
7fade3942000-7fade395a000 r-xp 00000000 08:06 133718                     /lib/x86_64-linux-gnu/libpthread-2.23.so
7fade395a000-7fade3b59000 ---p 00018000 08:06 133718                     /lib/x86_64-linux-gnu/libpthread-2.23.so
7fade3b59000-7fade3b5a000 r--p 00017000 08:06 133718                     /lib/x86_64-linux-gnu/libpthread-2.23.so
7fade3b5a000-7fade3b5b000 rw-p 00018000 08:06 133718                     /lib/x86_64-linux-gnu/libpthread-2.23.so
7fade3b5b000-7fade3b5f000 rw-p 00000000 00:00 0 
7fade3b5f000-7fade3b62000 r-xp 00000000 08:06 133730                     /lib/x86_64-linux-gnu/libdl-2.23.so
7fade3b62000-7fade3d61000 ---p 00003000 08:06 133730                     /lib/x86_64-linux-gnu/libdl-2.23.so
7fade3d61000-7fade3d62000 r--p 00002000 08:06 133730                     /lib/x86_64-linux-gnu/libdl-2.23.so
7fade3d62000-7fade3d63000 rw-p 00003000 08:06 133730                     /lib/x86_64-linux-gnu/libdl-2.23.so
7fade3d63000-7fade3d7c000 r-xp 00000000 08:06 131213                     /lib/x86_64-linux-gnu/libz.so.1.2.8
7fade3d7c000-7fade3f7b000 ---p 00019000 08:06 131213                     /lib/x86_64-linux-gnu/libz.so.1.2.8
7fade3f7b000-7fade3f7c000 r--p 00018000 08:06 131213                     /lib/x86_64-linux-gnu/libz.so.1.2.8
7fade3f7c000-7fade3f7d000 rw-p 00019000 08:06 131213                     /lib/x86_64-linux-gnu/libz.so.1.2.8
7fade3f7d000-7fade413d000 r-xp 00000000 08:06 133750                     /lib/x86_64-linux-gnu/libc-2.23.so
7fade413d000-7fade433d000 ---p 001c0000 08:06 133750                     /lib/x86_64-linux-gnu/libc-2.23.so
7fade433d000-7fade4341000 r--p 001c0000 08:06 133750                     /lib/x86_64-linux-gnu/libc-2.23.so
7fade4341000-7fade4343000 rw-p 001c4000 08:06 133750                     /lib/x86_64-linux-gnu/libc-2.23.so
7fade4343000-7fade4347000 rw-p 00000000 00:00 0 
7fade4347000-7fade4354000 r-xp 00000000 08:06 1444239                    /usr/lib/jvm/java-8-openjdk-amd64/jre/lib/amd64/jli/libjli.so
7fade4354000-7fade4554000 ---p 0000d000 08:06 1444239                    /usr/lib/jvm/java-8-openjdk-amd64/jre/lib/amd64/jli/libjli.so
7fade4554000-7fade4555000 r--p 0000d000 08:06 1444239                    /usr/lib/jvm/java-8-openjdk-amd64/jre/lib/amd64/jli/libjli.so
7fade4555000-7fade4556000 rw-p 0000e000 08:06 1444239                    /usr/lib/jvm/java-8-openjdk-amd64/jre/lib/amd64/jli/libjli.so
7fade4556000-7fade457c000 r-xp 00000000 08:06 131631                     /lib/x86_64-linux-gnu/ld-2.23.so
7fade457c000-7fade4581000 r--s 0009a000 08:06 1444257                    /usr/lib/jvm/java-8-openjdk-amd64/jre/lib/jsse.jar
7fade4581000-7fade4652000 rw-p 00000000 00:00 0 
7fade4652000-7fade4655000 ---p 00000000 00:00 0 
7fade4655000-7fade4758000 rw-p 00000000 00:00 0 
7fade4758000-7fade4759000 r--s 00010000 08:06 1444202                    /usr/lib/jvm/java-8-openjdk-amd64/jre/lib/ext/zipfs.jar
7fade4759000-7fade475a000 r--s 0000a000 08:06 1444208                    /usr/lib/jvm/java-8-openjdk-amd64/jre/lib/ext/jaccess.jar
7fade475a000-7fade475c000 r--s 00008000 08:06 1444205                    /usr/lib/jvm/java-8-openjdk-amd64/jre/lib/ext/sunec.jar
7fade475c000-7fade4760000 r--s 00037000 08:06 1444207                    /usr/lib/jvm/java-8-openjdk-amd64/jre/lib/ext/sunpkcs11.jar
7fade4760000-7fade4763000 r--s 0000f000 08:06 1444200                    /usr/lib/jvm/java-8-openjdk-amd64/jre/lib/ext/icedtea-sound.jar
7fade4763000-7fade4765000 r--s 00001000 08:06 1444209                    /usr/lib/jvm/java-8-openjdk-amd64/jre/lib/ext/dnsns.jar
7fade4765000-7fade476f000 r--s 00116000 08:06 1444206                    /usr/lib/jvm/java-8-openjdk-amd64/jre/lib/ext/localedata.jar
7fade476f000-7fade4777000 rw-s 00000000 08:06 664156                     /tmp/hsperfdata_anna/16010
7fade4777000-7fade4778000 rw-p 00000000 00:00 0 
7fade4778000-7fade4779000 ---p 00000000 00:00 0 
7fade4779000-7fade477b000 rw-p 00000000 00:00 0 
7fade477b000-7fade477c000 r--p 00025000 08:06 131631                     /lib/x86_64-linux-gnu/ld-2.23.so
7fade477c000-7fade477d000 rw-p 00026000 08:06 131631                     /lib/x86_64-linux-gnu/ld-2.23.so
7fade477d000-7fade477e000 rw-p 00000000 00:00 0 
7ffd85c06000-7ffd85c28000 rw-p 00000000 00:00 0                          [stack]
7ffd85d45000-7ffd85d47000 r--p 00000000 00:00 0                          [vvar]
7ffd85d47000-7ffd85d49000 r-xp 00000000 00:00 0                          [vdso]
ffffffffff600000-ffffffffff601000 r-xp 00000000 00:00 0                  [vsyscall]

VM Arguments:
jvm_args: -ea -Dfile.encoding=UTF-8 
java_command: org.eclipse.jdt.internal.junit.runner.RemoteTestRunner -version 3 -port 34482 -testLoaderClass org.eclipse.jdt.internal.junit5.runner.JUnit5TestLoader -loaderpluginname org.eclipse.jdt.junit5.runtime -classNames test.DiSimoneTest
java_class_path (initial): /usr/lib/jvm/java-8-openjdk-amd64/jre/lib/resources.jar:/usr/lib/jvm/java-8-openjdk-amd64/jre/lib/rt.jar:/usr/lib/jvm/java-8-openjdk-amd64/jre/lib/jsse.jar:/usr/lib/jvm/java-8-openjdk-amd64/jre/lib/jce.jar:/usr/lib/jvm/java-8-openjdk-amd64/jre/lib/charsets.jar:/usr/lib/jvm/java-8-openjdk-amd64/jre/lib/ext/localedata.jar:/usr/lib/jvm/java-8-openjdk-amd64/jre/lib/ext/dnsns.jar:/usr/lib/jvm/java-8-openjdk-amd64/jre/lib/ext/icedtea-sound.jar:/usr/lib/jvm/java-8-openjdk-amd64/jre/lib/ext/nashorn.jar:/usr/lib/jvm/java-8-openjdk-amd64/jre/lib/ext/sunpkcs11.jar:/usr/lib/jvm/java-8-openjdk-amd64/jre/lib/ext/cldrdata.jar:/usr/lib/jvm/java-8-openjdk-amd64/jre/lib/ext/sunjce_provider.jar:/usr/lib/jvm/java-8-openjdk-amd64/jre/lib/ext/sunec.jar:/usr/lib/jvm/java-8-openjdk-amd64/jre/lib/ext/jaccess.jar:/usr/lib/jvm/java-8-openjdk-amd64/jre/lib/ext/zipfs.jar:/home/anna/workspace/INE5421/bin:/home/anna/workspace/INE5421/miglayout15-swing.jar:/home/anna/.p2/pool/plugins/org.junit.jupiter.api_5.0.0.v20170910-2246.jar:/home/anna/.p2/pool/plugins/org.junit.jupiter.engine_5.0.0.v20170910-2246.jar:/home/anna/.p2/pool/plugins/org.junit.jupiter.migrationsupport_5.0.0.v20170910-2246.jar:/home/anna/.p2/pool/plugins/org.junit.jupiter.params_5.0.0.v20170910-2246.jar:/home/anna/.p2/pool/plugins/org.junit.platform.commons_1.0.0.v20170910-2246.jar:/home/anna/.p2/pool/plugins/org.junit.platform.engine_1.0.0.v20170910-2246.jar:/home/anna/.p2/pool/plugins/org.junit.platform.launcher_1.0.0.v20170910-2246.jar:/home/anna/.p2/pool/plugins/org.junit.platform.runner_1.0.0.v20170910-2246.jar:/home/anna/.p2/pool/plugins/org.junit.platform.suite.api_1.0.0.v20170910-2246.jar:/home/anna/.p2/pool/plugins/org.junit.vintage.engine_4.12.0.v20170910-2246.jar:/home/anna/.p2/pool/plugins/org.opentest4j_1.0.0.v20170910-2246.jar:/home/anna/.p2/pool/plugins/org.apiguardian_1.0.0.v20170910-2246.jar:/home/anna/.p2/pool/plugins/org.junit_4.12.0.v201504281640/junit.jar:/home/anna/.p2/pool/plugins
Launcher Type: SUN_STANDARD

Environment Variables:
PATH=/home/anna/bin:/home/anna/.local/bin:/usr/local/sbin:/usr/local/bin:/usr/sbin:/usr/bin:/sbin:/bin:/usr/games:/usr/local/games:/snap/bin
SHELL=/bin/bash
DISPLAY=:0

Signal Handlers:
SIGSEGV: [libjvm.so+0xa69040], sa_mask[0]=11111111011111111101111111111110, sa_flags=SA_RESTART|SA_SIGINFO
SIGBUS: [libjvm.so+0xa69040], sa_mask[0]=11111111011111111101111111111110, sa_flags=SA_RESTART|SA_SIGINFO
SIGFPE: [libjvm.so+0x8b2170], sa_mask[0]=11111111011111111101111111111110, sa_flags=SA_RESTART|SA_SIGINFO
SIGPIPE: [libjvm.so+0x8b2170], sa_mask[0]=11111111011111111101111111111110, sa_flags=SA_RESTART|SA_SIGINFO
SIGXFSZ: [libjvm.so+0x8b2170], sa_mask[0]=11111111011111111101111111111110, sa_flags=SA_RESTART|SA_SIGINFO
SIGILL: [libjvm.so+0x8b2170], sa_mask[0]=11111111011111111101111111111110, sa_flags=SA_RESTART|SA_SIGINFO
SIGUSR1: SIG_DFL, sa_mask[0]=00000000000000000000000000000000, sa_flags=none
SIGUSR2: [libjvm.so+0x8b2020], sa_mask[0]=00100000000000000000000000000000, sa_flags=SA_RESTART|SA_SIGINFO
SIGHUP: [libjvm.so+0x8b24f0], sa_mask[0]=11111111011111111101111111111110, sa_flags=SA_RESTART|SA_SIGINFO
SIGINT: [libjvm.so+0x8b24f0], sa_mask[0]=11111111011111111101111111111110, sa_flags=SA_RESTART|SA_SIGINFO
SIGTERM: [libjvm.so+0x8b24f0], sa_mask[0]=11111111011111111101111111111110, sa_flags=SA_RESTART|SA_SIGINFO
SIGQUIT: [libjvm.so+0x8b24f0], sa_mask[0]=11111111011111111101111111111110, sa_flags=SA_RESTART|SA_SIGINFO


---------------  S Y S T E M  ---------------

OS:DISTRIB_ID=Ubuntu
DISTRIB_RELEASE=16.04
DISTRIB_CODENAME=xenial
DISTRIB_DESCRIPTION="Ubuntu 16.04.3 LTS"

uname:Linux 4.4.0-98-generic #121-Ubuntu SMP Tue Oct 10 14:24:03 UTC 2017 x86_64
libc:glibc 2.23 NPTL 2.23 
rlimit: STACK 8192k, CORE 0k, NPROC 63508, NOFILE 1048576, AS infinity
load average:17.25 13.83 7.59

/proc/meminfo:
MemTotal:       16345788 kB
MemFree:          165896 kB
MemAvailable:      66176 kB
Buffers:            6972 kB
Cached:           345452 kB
SwapCached:        43040 kB
Active:         14191236 kB
Inactive:        1742676 kB
Active(anon):   14130460 kB
Inactive(anon):  1697772 kB
Active(file):      60776 kB
Inactive(file):    44904 kB
Unevictable:         344 kB
Mlocked:             344 kB
SwapTotal:       3906556 kB
SwapFree:         617672 kB
Dirty:               964 kB
Writeback:             0 kB
AnonPages:      15567556 kB
Mapped:           231304 kB
Shmem:            246188 kB
Slab:              78992 kB
SReclaimable:      37420 kB
SUnreclaim:        41572 kB
KernelStack:       12128 kB
PageTables:        77004 kB
NFS_Unstable:          0 kB
Bounce:                0 kB
WritebackTmp:          0 kB
CommitLimit:    12079448 kB
Committed_AS:   23662756 kB
VmallocTotal:   34359738367 kB
VmallocUsed:           0 kB
VmallocChunk:          0 kB
HardwareCorrupted:     0 kB
AnonHugePages:  10461184 kB
CmaTotal:              0 kB
CmaFree:               0 kB
HugePages_Total:       0
HugePages_Free:        0
HugePages_Rsvd:        0
HugePages_Surp:        0
Hugepagesize:       2048 kB
DirectMap4k:      145276 kB
DirectMap2M:     7108608 kB
DirectMap1G:    10485760 kB


CPU:total 4 (initial active 4) (2 cores per cpu, 2 threads per core) family 6 model 61 stepping 4, cmov, cx8, fxsr, mmx, sse, sse2, sse3, ssse3, sse4.1, sse4.2, popcnt, avx, avx2, aes, clmul, erms, 3dnowpref, lzcnt, ht, tsc, tscinvbit, bmi1, bmi2, adx

/proc/cpuinfo:
processor	: 0
vendor_id	: GenuineIntel
cpu family	: 6
model		: 61
model name	: Intel(R) Core(TM) i7-5500U CPU @ 2.40GHz
stepping	: 4
microcode	: 0x22
cpu MHz		: 2299.968
cache size	: 4096 KB
physical id	: 0
siblings	: 4
core id		: 0
cpu cores	: 2
apicid		: 0
initial apicid	: 0
fpu		: yes
fpu_exception	: yes
cpuid level	: 20
wp		: yes
flags		: fpu vme de pse tsc msr pae mce cx8 apic sep mtrr pge mca cmov pat pse36 clflush dts acpi mmx fxsr sse sse2 ss ht tm pbe syscall nx pdpe1gb rdtscp lm constant_tsc arch_perfmon pebs bts rep_good nopl xtopology nonstop_tsc aperfmperf eagerfpu pni pclmulqdq dtes64 monitor ds_cpl vmx est tm2 ssse3 sdbg fma cx16 xtpr pdcm pcid sse4_1 sse4_2 x2apic movbe popcnt tsc_deadline_timer aes xsave avx f16c rdrand lahf_lm abm 3dnowprefetch epb intel_pt tpr_shadow vnmi flexpriority ept vpid fsgsbase tsc_adjust bmi1 avx2 smep bmi2 erms invpcid rdseed adx smap xsaveopt dtherm ida arat pln pts
bugs		:
bogomips	: 4789.00
clflush size	: 64
cache_alignment	: 64
address sizes	: 39 bits physical, 48 bits virtual
power management:

processor	: 1
vendor_id	: GenuineIntel
cpu family	: 6
model		: 61
model name	: Intel(R) Core(TM) i7-5500U CPU @ 2.40GHz
stepping	: 4
microcode	: 0x22
cpu MHz		: 2299.968
cache size	: 4096 KB
physical id	: 0
siblings	: 4
core id		: 1
cpu cores	: 2
apicid		: 2
initial apicid	: 2
fpu		: yes
fpu_exception	: yes
cpuid level	: 20
wp		: yes
flags		: fpu vme de pse tsc msr pae mce cx8 apic sep mtrr pge mca cmov pat pse36 clflush dts acpi mmx fxsr sse sse2 ss ht tm pbe syscall nx pdpe1gb rdtscp lm constant_tsc arch_perfmon pebs bts rep_good nopl xtopology nonstop_tsc aperfmperf eagerfpu pni pclmulqdq dtes64 monitor ds_cpl vmx est tm2 ssse3 sdbg fma cx16 xtpr pdcm pcid sse4_1 sse4_2 x2apic movbe popcnt tsc_deadline_timer aes xsave avx f16c rdrand lahf_lm abm 3dnowprefetch epb intel_pt tpr_shadow vnmi flexpriority ept vpid fsgsbase tsc_adjust bmi1 avx2 smep bmi2 erms invpcid rdseed adx smap xsaveopt dtherm ida arat pln pts
bugs		:
bogomips	: 4789.00
clflush size	: 64
cache_alignment	: 64
address sizes	: 39 bits physical, 48 bits virtual
power management:

processor	: 2
vendor_id	: GenuineIntel
cpu family	: 6
model		: 61
model name	: Intel(R) Core(TM) i7-5500U CPU @ 2.40GHz
stepping	: 4
microcode	: 0x22
cpu MHz		: 2299.968
cache size	: 4096 KB
physical id	: 0
siblings	: 4
core id		: 0
cpu cores	: 2
apicid		: 1
initial apicid	: 1
fpu		: yes
fpu_exception	: yes
cpuid level	: 20
wp		: yes
flags		: fpu vme de pse tsc msr pae mce cx8 apic sep mtrr pge mca cmov pat pse36 clflush dts acpi mmx fxsr sse sse2 ss ht tm pbe syscall nx pdpe1gb rdtscp lm constant_tsc arch_perfmon pebs bts rep_good nopl xtopology nonstop_tsc aperfmperf eagerfpu pni pclmulqdq dtes64 monitor ds_cpl vmx est tm2 ssse3 sdbg fma cx16 xtpr pdcm pcid sse4_1 sse4_2 x2apic movbe popcnt tsc_deadline_timer aes xsave avx f16c rdrand lahf_lm abm 3dnowprefetch epb intel_pt tpr_shadow vnmi flexpriority ept vpid fsgsbase tsc_adjust bmi1 avx2 smep bmi2 erms invpcid rdseed adx smap xsaveopt dtherm ida arat pln pts
bugs		:
bogomips	: 4789.00
clflush size	: 64
cache_alignment	: 64
address sizes	: 39 bits physical, 48 bits virtual
power management:

processor	: 3
vendor_id	: GenuineIntel
cpu family	: 6
model		: 61
model name	: Intel(R) Core(TM) i7-5500U CPU @ 2.40GHz
stepping	: 4
microcode	: 0x22
cpu MHz		: 2299.968
cache size	: 4096 KB
physical id	: 0
siblings	: 4
core id		: 1
cpu cores	: 2
apicid		: 3
initial apicid	: 3
fpu		: yes
fpu_exception	: yes
cpuid level	: 20
wp		: yes
flags		: fpu vme de pse tsc msr pae mce cx8 apic sep mtrr pge mca cmov pat pse36 clflush dts acpi mmx fxsr sse sse2 ss ht tm pbe syscall nx pdpe1gb rdtscp lm constant_tsc arch_perfmon pebs bts rep_good nopl xtopology nonstop_tsc aperfmperf eagerfpu pni pclmulqdq dtes64 monitor ds_cpl vmx est tm2 ssse3 sdbg fma cx16 xtpr pdcm pcid sse4_1 sse4_2 x2apic movbe popcnt tsc_deadline_timer aes xsave avx f16c rdrand lahf_lm abm 3dnowprefetch epb intel_pt tpr_shadow vnmi flexpriority ept vpid fsgsbase tsc_adjust bmi1 avx2 smep bmi2 erms invpcid rdseed adx smap xsaveopt dtherm ida arat pln pts
bugs		:
bogomips	: 4789.00
clflush size	: 64
cache_alignment	: 64
address sizes	: 39 bits physical, 48 bits virtual
power management:



Memory: 4k page, physical 16345788k(165896k free), swap 3906556k(617672k free)

vm_info: OpenJDK 64-Bit Server VM (25.151-b12) for linux-amd64 JRE (1.8.0_151-8u151-b12-0ubuntu0.16.04.2-b12), built on Oct 27 2017 21:59:02 by "buildd" with gcc 5.4.0 20160609

time: Sun Nov 12 01:45:03 2017
elapsed time: 204 seconds (0d 0h 3m 24s)

